[run_daily] 2025-12-16 08:00:05 — Running daily workflow…
[run_daily] 2025-12-16 08:00:05 — Starting Daily Ops Engine
[run_daily] 2025-12-16 08:00:06 — Daily Ops Package generated.
[run_daily] 2025-12-16 08:00:06 — Dashboard.app launched.
[run_daily] 2025-12-16 08:00:06 — Done.
[run_daily] 2025-12-16 12:38:25 — Running daily workflow…
[run_daily] 2025-12-16 12:38:25 — Starting Daily Ops Engine
[run_daily] 2025-12-16 12:38:31 — Daily Ops Package generated.
[run_daily] 2025-12-16 12:38:31 — Dashboard.app launched.
[run_daily] 2025-12-16 12:38:31 — Done.
[run_daily] 2025-12-17 08:01:59 — Running daily workflow…
[run_daily] 2025-12-17 08:01:59 — Starting Daily Ops Engine
[run_daily] 2025-12-17 08:01:59 — Daily Ops Package generated.
[run_daily] 2025-12-17 08:01:59 — Dashboard.app launched.
[run_daily] 2025-12-17 08:01:59 — Done.
[run_daily] 2025-12-17 17:51:37 — Running daily workflow…
[run_daily] 2025-12-17 17:51:37 — Starting Daily Ops Engine
[run_daily] 2025-12-17 17:51:40 — Daily Ops Package generated.
[run_daily] 2025-12-17 17:51:40 — Dashboard.app launched.
[run_daily] 2025-12-17 17:51:40 — Done.
[run_daily] 2025-12-17 18:01:55 — Running daily workflow…
[run_daily] 2025-12-17 18:01:55 — Starting Daily Ops Engine
[run_daily] 2025-12-17 18:02:00 — Daily Ops Package generated.
[run_daily] 2025-12-17 18:02:00 — Dashboard.app launched.
[run_daily] 2025-12-17 18:02:00 — Done.
[run_daily] 2025-12-18 08:00:05 — Running daily workflow…
[run_daily] 2025-12-18 08:00:05 — Starting Daily Ops Engine
[run_daily] 2025-12-18 08:00:07 — Daily Ops Package generated.
[run_daily] 2025-12-18 08:00:07 — Dashboard app not found at: /Users/jencortez-walters/Desktop/Dashboard.app
[run_daily] 2025-12-18 08:00:07 — Done.
[run_daily] 2025-12-19 08:00:02 — Running daily workflow…
[run_daily] 2025-12-19 08:00:02 — Starting Daily Ops Engine
[run_daily] 2025-12-19 08:00:03 — Daily Ops Package generated.
[run_daily] 2025-12-19 08:00:03 — Dashboard app not found at: /Users/jencortez-walters/Desktop/Dashboard.app
[run_daily] 2025-12-19 08:00:03 — Done.
[run_daily] 2025-12-19 10:47:02 — Running daily workflow…
[run_daily] 2025-12-19 10:47:02 — Starting Daily Ops Engine
[run_daily] 2025-12-19 10:47:05 — Daily Ops Package generated.
[run_daily] 2025-12-19 10:47:05 — Dashboard app not found at: /Users/jencortez-walters/Desktop/Dashboard.app
[run_daily] 2025-12-19 10:47:05 — Done.
[run_daily] 2025-12-20 08:00:03 — Running daily workflow…
[run_daily] 2025-12-20 08:00:03 — Starting Daily Ops Engine
[run_daily] 2025-12-20 08:00:04 — Daily Ops Package generated.
[run_daily] 2025-12-20 08:00:04 — Dashboard app not found at: /Users/jencortez-walters/Desktop/Dashboard.app
[run_daily] 2025-12-20 08:00:04 — Done.
[run_daily] 2025-12-21 08:00:03 — Running daily workflow…
[run_daily] 2025-12-21 08:00:03 — Starting Daily Ops Engine
[run_daily] 2025-12-21 08:00:03 — Daily Ops Package generated.
[run_daily] 2025-12-21 08:00:04 — Dashboard app not found at: /Users/jencortez-walters/Desktop/Dashboard.app
[run_daily] 2025-12-21 08:00:04 — Done.
